/home/luqman/.local/share/virtualenvs/ME-GraphAU-NHAhuV8b/lib/python3.8/site-packages/torch/nn/functional.py:780: UserWarning: Note that order of the arguments: ceil_mode and return_indices will changeto match the args list in nn.MaxPool2d in a future release.
  warnings.warn("Note that order of the arguments: ceil_mode and return_indices will change"
/home/luqman/.local/share/virtualenvs/ME-GraphAU-NHAhuV8b/lib/python3.8/site-packages/facenet_pytorch/models/utils/detect_face.py:183: VisibleDeprecationWarning: Creating an ndarray from ragged nested sequences (which is a list-or-tuple of lists-or-tuples-or ndarrays with different lengths or shapes) is deprecated. If you meant to do this, you must specify 'dtype=object' when creating the ndarray.
  batch_boxes, batch_points = np.array(batch_boxes), np.array(batch_points)
/home/luqman/.local/share/virtualenvs/ME-GraphAU-NHAhuV8b/lib/python3.8/site-packages/facenet_pytorch/models/mtcnn.py:339: VisibleDeprecationWarning: Creating an ndarray from ragged nested sequences (which is a list-or-tuple of lists-or-tuples-or ndarrays with different lengths or shapes) is deprecated. If you meant to do this, you must specify 'dtype=object' when creating the ndarray.
  boxes = np.array(boxes)
/home/luqman/.local/share/virtualenvs/ME-GraphAU-NHAhuV8b/lib/python3.8/site-packages/facenet_pytorch/models/mtcnn.py:340: VisibleDeprecationWarning: Creating an ndarray from ragged nested sequences (which is a list-or-tuple of lists-or-tuples-or ndarrays with different lengths or shapes) is deprecated. If you meant to do this, you must specify 'dtype=object' when creating the ndarray.
  probs = np.array(probs)
/home/luqman/.local/share/virtualenvs/ME-GraphAU-NHAhuV8b/lib/python3.8/site-packages/facenet_pytorch/models/mtcnn.py:341: VisibleDeprecationWarning: Creating an ndarray from ragged nested sequences (which is a list-or-tuple of lists-or-tuples-or ndarrays with different lengths or shapes) is deprecated. If you meant to do this, you must specify 'dtype=object' when creating the ndarray.
  points = np.array(points)
Processing SN002
output is saved on /nas/project_data/B1_Behavior/hakim/ME-GraphAU/data/DISFA/mtcnn_output/SN002.pickle
Processing SN010
output is saved on /nas/project_data/B1_Behavior/hakim/ME-GraphAU/data/DISFA/mtcnn_output/SN010.pickle
Processing SN001
output is saved on /nas/project_data/B1_Behavior/hakim/ME-GraphAU/data/DISFA/mtcnn_output/SN001.pickle
Processing SN026
output is saved on /nas/project_data/B1_Behavior/hakim/ME-GraphAU/data/DISFA/mtcnn_output/SN026.pickle
Processing SN027
output is saved on /nas/project_data/B1_Behavior/hakim/ME-GraphAU/data/DISFA/mtcnn_output/SN027.pickle
Processing SN032
output is saved on /nas/project_data/B1_Behavior/hakim/ME-GraphAU/data/DISFA/mtcnn_output/SN032.pickle
Processing SN030
output is saved on /nas/project_data/B1_Behavior/hakim/ME-GraphAU/data/DISFA/mtcnn_output/SN030.pickle
Processing SN016
output is saved on /nas/project_data/B1_Behavior/hakim/ME-GraphAU/data/DISFA/mtcnn_output/SN016.pickle
Processing SN013
output is saved on /nas/project_data/B1_Behavior/hakim/ME-GraphAU/data/DISFA/mtcnn_output/SN013.pickle
Processing SN018
output is saved on /nas/project_data/B1_Behavior/hakim/ME-GraphAU/data/DISFA/mtcnn_output/SN018.pickle
Processing SN011
output is saved on /nas/project_data/B1_Behavior/hakim/ME-GraphAU/data/DISFA/mtcnn_output/SN011.pickle
Processing SN028
output is saved on /nas/project_data/B1_Behavior/hakim/ME-GraphAU/data/DISFA/mtcnn_output/SN028.pickle
Processing SN012
output is saved on /nas/project_data/B1_Behavior/hakim/ME-GraphAU/data/DISFA/mtcnn_output/SN012.pickle
Processing SN006
output is saved on /nas/project_data/B1_Behavior/hakim/ME-GraphAU/data/DISFA/mtcnn_output/SN006.pickle
Processing SN031
output is saved on /nas/project_data/B1_Behavior/hakim/ME-GraphAU/data/DISFA/mtcnn_output/SN031.pickle
Processing SN021
output is saved on /nas/project_data/B1_Behavior/hakim/ME-GraphAU/data/DISFA/mtcnn_output/SN021.pickle
Processing SN024
output is saved on /nas/project_data/B1_Behavior/hakim/ME-GraphAU/data/DISFA/mtcnn_output/SN024.pickle
Processing SN003
output is saved on /nas/project_data/B1_Behavior/hakim/ME-GraphAU/data/DISFA/mtcnn_output/SN003.pickle
Processing SN029
output is saved on /nas/project_data/B1_Behavior/hakim/ME-GraphAU/data/DISFA/mtcnn_output/SN029.pickle
Processing SN023
output is saved on /nas/project_data/B1_Behavior/hakim/ME-GraphAU/data/DISFA/mtcnn_output/SN023.pickle
Processing SN025
output is saved on /nas/project_data/B1_Behavior/hakim/ME-GraphAU/data/DISFA/mtcnn_output/SN025.pickle
Processing SN008
output is saved on /nas/project_data/B1_Behavior/hakim/ME-GraphAU/data/DISFA/mtcnn_output/SN008.pickle
Processing SN005
output is saved on /nas/project_data/B1_Behavior/hakim/ME-GraphAU/data/DISFA/mtcnn_output/SN005.pickle
Processing SN007
output is saved on /nas/project_data/B1_Behavior/hakim/ME-GraphAU/data/DISFA/mtcnn_output/SN007.pickle
Processing SN017
output is saved on /nas/project_data/B1_Behavior/hakim/ME-GraphAU/data/DISFA/mtcnn_output/SN017.pickle
Processing SN004
output is saved on /nas/project_data/B1_Behavior/hakim/ME-GraphAU/data/DISFA/mtcnn_output/SN004.pickle
--- 3624.204746246338 seconds ---
