Processing F001
Processing M007
Processing F018
Processing F008
Processing F002
Processing M004
Processing F010
Processing F009
Processing M012
Processing M001
Processing F016
Processing M014
Processing F023
Processing M008
Processing M011
Processing F003
Processing M010
Processing M002
Processing F005
Processing F022
Processing M018
Processing M017
Processing F013
Processing M016
Processing F020
Processing F011
Processing M013
Processing M005
Processing F007
Processing F015
Processing F006
Processing F019
Processing M006
Processing M009
NO FACE DETECTION - /nas/project_data/B1_Behavior/hakim/ME-GraphAU/data/BP4D/img_raw/M009/T4/745.jpg
NO FACE DETECTION - /nas/project_data/B1_Behavior/hakim/ME-GraphAU/data/BP4D/img_raw/M009/T4/746.jpg
NO FACE DETECTION - /nas/project_data/B1_Behavior/hakim/ME-GraphAU/data/BP4D/img_raw/M009/T4/747.jpg
NO FACE DETECTION - /nas/project_data/B1_Behavior/hakim/ME-GraphAU/data/BP4D/img_raw/M009/T4/748.jpg
NO FACE DETECTION - /nas/project_data/B1_Behavior/hakim/ME-GraphAU/data/BP4D/img_raw/M009/T4/749.jpg
NO FACE DETECTION - /nas/project_data/B1_Behavior/hakim/ME-GraphAU/data/BP4D/img_raw/M009/T4/750.jpg
NO FACE DETECTION - /nas/project_data/B1_Behavior/hakim/ME-GraphAU/data/BP4D/img_raw/M009/T4/751.jpg
NO FACE DETECTION - /nas/project_data/B1_Behavior/hakim/ME-GraphAU/data/BP4D/img_raw/M009/T4/752.jpg
Processing F012
Processing M003
NO FACE DETECTION - /nas/project_data/B1_Behavior/hakim/ME-GraphAU/data/BP4D/img_raw/M003/T4/1893.jpg
NO FACE DETECTION - /nas/project_data/B1_Behavior/hakim/ME-GraphAU/data/BP4D/img_raw/M003/T5/966.jpg
NO FACE DETECTION - /nas/project_data/B1_Behavior/hakim/ME-GraphAU/data/BP4D/img_raw/M003/T5/967.jpg
NO FACE DETECTION - /nas/project_data/B1_Behavior/hakim/ME-GraphAU/data/BP4D/img_raw/M003/T5/968.jpg
NO FACE DETECTION - /nas/project_data/B1_Behavior/hakim/ME-GraphAU/data/BP4D/img_raw/M003/T5/969.jpg
NO FACE DETECTION - /nas/project_data/B1_Behavior/hakim/ME-GraphAU/data/BP4D/img_raw/M003/T5/970.jpg
NO FACE DETECTION - /nas/project_data/B1_Behavior/hakim/ME-GraphAU/data/BP4D/img_raw/M003/T5/971.jpg
NO FACE DETECTION - /nas/project_data/B1_Behavior/hakim/ME-GraphAU/data/BP4D/img_raw/M003/T5/972.jpg
NO FACE DETECTION - /nas/project_data/B1_Behavior/hakim/ME-GraphAU/data/BP4D/img_raw/M003/T5/973.jpg
NO FACE DETECTION - /nas/project_data/B1_Behavior/hakim/ME-GraphAU/data/BP4D/img_raw/M003/T5/974.jpg
NO FACE DETECTION - /nas/project_data/B1_Behavior/hakim/ME-GraphAU/data/BP4D/img_raw/M003/T5/975.jpg
Processing F004
Processing F021
Processing F017
NO FACE DETECTION - /nas/project_data/B1_Behavior/hakim/ME-GraphAU/data/BP4D/img_raw/F017/T3/197.jpg
NO FACE DETECTION - /nas/project_data/B1_Behavior/hakim/ME-GraphAU/data/BP4D/img_raw/F017/T3/198.jpg
NO FACE DETECTION - /nas/project_data/B1_Behavior/hakim/ME-GraphAU/data/BP4D/img_raw/F017/T3/199.jpg
NO FACE DETECTION - /nas/project_data/B1_Behavior/hakim/ME-GraphAU/data/BP4D/img_raw/F017/T3/200.jpg
NO FACE DETECTION - /nas/project_data/B1_Behavior/hakim/ME-GraphAU/data/BP4D/img_raw/F017/T3/201.jpg
NO FACE DETECTION - /nas/project_data/B1_Behavior/hakim/ME-GraphAU/data/BP4D/img_raw/F017/T3/202.jpg
NO FACE DETECTION - /nas/project_data/B1_Behavior/hakim/ME-GraphAU/data/BP4D/img_raw/F017/T3/203.jpg
NO FACE DETECTION - /nas/project_data/B1_Behavior/hakim/ME-GraphAU/data/BP4D/img_raw/F017/T3/204.jpg
NO FACE DETECTION - /nas/project_data/B1_Behavior/hakim/ME-GraphAU/data/BP4D/img_raw/F017/T3/205.jpg
NO FACE DETECTION - /nas/project_data/B1_Behavior/hakim/ME-GraphAU/data/BP4D/img_raw/F017/T3/206.jpg
NO FACE DETECTION - /nas/project_data/B1_Behavior/hakim/ME-GraphAU/data/BP4D/img_raw/F017/T3/207.jpg
NO FACE DETECTION - /nas/project_data/B1_Behavior/hakim/ME-GraphAU/data/BP4D/img_raw/F017/T3/208.jpg
NO FACE DETECTION - /nas/project_data/B1_Behavior/hakim/ME-GraphAU/data/BP4D/img_raw/F017/T3/209.jpg
NO FACE DETECTION - /nas/project_data/B1_Behavior/hakim/ME-GraphAU/data/BP4D/img_raw/F017/T3/210.jpg
NO FACE DETECTION - /nas/project_data/B1_Behavior/hakim/ME-GraphAU/data/BP4D/img_raw/F017/T3/211.jpg
NO FACE DETECTION - /nas/project_data/B1_Behavior/hakim/ME-GraphAU/data/BP4D/img_raw/F017/T3/212.jpg
NO FACE DETECTION - /nas/project_data/B1_Behavior/hakim/ME-GraphAU/data/BP4D/img_raw/F017/T3/213.jpg
NO FACE DETECTION - /nas/project_data/B1_Behavior/hakim/ME-GraphAU/data/BP4D/img_raw/F017/T3/214.jpg
NO FACE DETECTION - /nas/project_data/B1_Behavior/hakim/ME-GraphAU/data/BP4D/img_raw/F017/T3/215.jpg
NO FACE DETECTION - /nas/project_data/B1_Behavior/hakim/ME-GraphAU/data/BP4D/img_raw/F017/T3/216.jpg
NO FACE DETECTION - /nas/project_data/B1_Behavior/hakim/ME-GraphAU/data/BP4D/img_raw/F017/T3/217.jpg
NO FACE DETECTION - /nas/project_data/B1_Behavior/hakim/ME-GraphAU/data/BP4D/img_raw/F017/T3/218.jpg
NO FACE DETECTION - /nas/project_data/B1_Behavior/hakim/ME-GraphAU/data/BP4D/img_raw/F017/T3/219.jpg
NO FACE DETECTION - /nas/project_data/B1_Behavior/hakim/ME-GraphAU/data/BP4D/img_raw/F017/T3/220.jpg
NO FACE DETECTION - /nas/project_data/B1_Behavior/hakim/ME-GraphAU/data/BP4D/img_raw/F017/T3/221.jpg
NO FACE DETECTION - /nas/project_data/B1_Behavior/hakim/ME-GraphAU/data/BP4D/img_raw/F017/T3/222.jpg
NO FACE DETECTION - /nas/project_data/B1_Behavior/hakim/ME-GraphAU/data/BP4D/img_raw/F017/T3/223.jpg
NO FACE DETECTION - /nas/project_data/B1_Behavior/hakim/ME-GraphAU/data/BP4D/img_raw/F017/T3/224.jpg
NO FACE DETECTION - /nas/project_data/B1_Behavior/hakim/ME-GraphAU/data/BP4D/img_raw/F017/T3/225.jpg
NO FACE DETECTION - /nas/project_data/B1_Behavior/hakim/ME-GraphAU/data/BP4D/img_raw/F017/T3/226.jpg
NO FACE DETECTION - /nas/project_data/B1_Behavior/hakim/ME-GraphAU/data/BP4D/img_raw/F017/T3/227.jpg
NO FACE DETECTION - /nas/project_data/B1_Behavior/hakim/ME-GraphAU/data/BP4D/img_raw/F017/T3/228.jpg
NO FACE DETECTION - /nas/project_data/B1_Behavior/hakim/ME-GraphAU/data/BP4D/img_raw/F017/T3/229.jpg
NO FACE DETECTION - /nas/project_data/B1_Behavior/hakim/ME-GraphAU/data/BP4D/img_raw/F017/T3/230.jpg
NO FACE DETECTION - /nas/project_data/B1_Behavior/hakim/ME-GraphAU/data/BP4D/img_raw/F017/T3/231.jpg
NO FACE DETECTION - /nas/project_data/B1_Behavior/hakim/ME-GraphAU/data/BP4D/img_raw/F017/T3/235.jpg
NO FACE DETECTION - /nas/project_data/B1_Behavior/hakim/ME-GraphAU/data/BP4D/img_raw/F017/T3/236.jpg
NO FACE DETECTION - /nas/project_data/B1_Behavior/hakim/ME-GraphAU/data/BP4D/img_raw/F017/T3/237.jpg
NO FACE DETECTION - /nas/project_data/B1_Behavior/hakim/ME-GraphAU/data/BP4D/img_raw/F017/T3/244.jpg
NO FACE DETECTION - /nas/project_data/B1_Behavior/hakim/ME-GraphAU/data/BP4D/img_raw/F017/T3/245.jpg
NO FACE DETECTION - /nas/project_data/B1_Behavior/hakim/ME-GraphAU/data/BP4D/img_raw/F017/T3/285.jpg
NO FACE DETECTION - /nas/project_data/B1_Behavior/hakim/ME-GraphAU/data/BP4D/img_raw/F017/T3/286.jpg
NO FACE DETECTION - /nas/project_data/B1_Behavior/hakim/ME-GraphAU/data/BP4D/img_raw/F017/T3/287.jpg
NO FACE DETECTION - /nas/project_data/B1_Behavior/hakim/ME-GraphAU/data/BP4D/img_raw/F017/T3/288.jpg
NO FACE DETECTION - /nas/project_data/B1_Behavior/hakim/ME-GraphAU/data/BP4D/img_raw/F017/T3/289.jpg
NO FACE DETECTION - /nas/project_data/B1_Behavior/hakim/ME-GraphAU/data/BP4D/img_raw/F017/T3/290.jpg
NO FACE DETECTION - /nas/project_data/B1_Behavior/hakim/ME-GraphAU/data/BP4D/img_raw/F017/T3/291.jpg
NO FACE DETECTION - /nas/project_data/B1_Behavior/hakim/ME-GraphAU/data/BP4D/img_raw/F017/T3/292.jpg
NO FACE DETECTION - /nas/project_data/B1_Behavior/hakim/ME-GraphAU/data/BP4D/img_raw/F017/T3/293.jpg
Processing M015
Processing F014
--- 9170.42389011383 seconds ---
